<?xml version="1.0" encoding="UTF-8"?>
<testsuite name="com.admin.catalogo.domain.category.CategoryTest" tests="1" skipped="0" failures="0" errors="0" timestamp="2025-07-01T01:51:35" hostname="DESKTOP-LC4FCSK" time="0.015">
  <properties/>
  <testcase name="givenAValidParams_whenCallNewCategory_thenInstantiateACategory()" classname="com.admin.catalogo.domain.category.CategoryTest" time="0.015"/>
  <system-out><![CDATA[]]></system-out>
  <system-err><![CDATA[]]></system-err>
</testsuite>
