<?xml version="1.0" encoding="UTF-8"?>
<testsuite name="com.admin.catalogo.domain.CategoryTest" tests="1" skipped="0" failures="0" errors="0" timestamp="2025-07-01T01:16:51" hostname="DESKTOP-LC4FCSK" time="0.011">
  <properties/>
  <testcase name="testNewCategory()" classname="com.admin.catalogo.domain.CategoryTest" time="0.011"/>
  <system-out><![CDATA[]]></system-out>
  <system-err><![CDATA[]]></system-err>
</testsuite>
