<?xml version="1.0" encoding="UTF-8"?>
<testsuite name="com.admin.catalogo.infrastructure.MainTest" tests="1" skipped="0" failures="0" errors="0" timestamp="2025-07-01T01:22:17" hostname="DESKTOP-LC4FCSK" time="0.016">
  <properties/>
  <testcase name="testMain()" classname="com.admin.catalogo.infrastructure.MainTest" time="0.016"/>
  <system-out><![CDATA[Hello world!
com.admin.catalogo.domain.Category@624ea235
]]></system-out>
  <system-err><![CDATA[]]></system-err>
</testsuite>
